#
# There is insufficient memory for the Java Runtime Environment to continue.
# Native memory allocation (mmap) failed to map 268435456 bytes for Failed to commit area from 0x0000000701c00000 to 0x0000000711c00000 of length 268435456.
# Possible reasons:
#   The system is out of physical RAM or swap space
#   The process is running with CompressedOops enabled, and the Java Heap may be blocking the growth of the native heap
# Possible solutions:
#   Reduce memory load on the system
#   Increase physical memory or swap space
#   Check if swap backing store is full
#   Decrease Java heap size (-Xmx/-Xms)
#   Decrease number of Java threads
#   Decrease Java thread stack sizes (-Xss)
#   Set larger code cache with -XX:ReservedCodeCacheSize=
# This output file may be truncated or incomplete.
#
#  Out of Memory Error (./src/hotspot/os/windows/os_windows.cpp:3311), pid=23436, tid=25884
#
# JRE version:  (11.0.13+8) (build )
# Java VM: OpenJDK 64-Bit Server VM (11.0.13+8-LTS, mixed mode, sharing, tiered, compressed oops, g1 gc, windows-amd64)
# No core dump will be written. Minidumps are not enabled by default on client versions of Windows
#

---------------  S U M M A R Y ------------

Command Line: -Dfile.encoding=UTF-8 movie.booking.program.run.MovieRun

Host: Intel(R) Core(TM) i5-7200U CPU @ 2.50GHz, 4 cores, 15G,  Windows 10 , 64 bit Build 19041 (10.0.19041.1503)
Time: Sun Mar  6 14:10:18 2022 대한민국 표준시 elapsed time: 0.052639 seconds (0d 0h 0m 0s)

---------------  T H R E A D  ---------------

Current thread (0x0000029d1f248800):  JavaThread "Unknown thread" [_thread_in_vm, id=25884, stack(0x000000a366300000,0x000000a366400000)]

Stack: [0x000000a366300000,0x000000a366400000]
Native frames: (J=compiled Java code, j=interpreted, Vv=VM code, C=native code)
V  [jvm.dll+0x61cc5a]
V  [jvm.dll+0x7a8f79]
V  [jvm.dll+0x7aa63f]
V  [jvm.dll+0x7aad13]
V  [jvm.dll+0x24f808]
V  [jvm.dll+0x619f6a]
V  [jvm.dll+0x60e815]
V  [jvm.dll+0x30731c]
V  [jvm.dll+0x3071a2]
V  [jvm.dll+0x30bec6]
V  [jvm.dll+0x350e6f]
V  [jvm.dll+0x3508a0]
V  [jvm.dll+0x2e4418]
V  [jvm.dll+0x2e5576]
V  [jvm.dll+0x782d97]
V  [jvm.dll+0x78451f]
V  [jvm.dll+0x35dbf9]
V  [jvm.dll+0x765d20]
V  [jvm.dll+0x3cb64f]
V  [jvm.dll+0x3cd9e1]
C  [jli.dll+0x5207]
C  [ucrtbase.dll+0x21bb2]
C  [KERNEL32.DLL+0x17034]
C  [ntdll.dll+0x52651]


---------------  P R O C E S S  ---------------

Threads class SMR info:
_java_thread_list=0x0000029d1d90f900, length=0, elements={
}

Java Threads: ( => current thread )

Other Threads:
  0x0000029d1f261000 GCTaskThread "GC Thread#0" [stack: 0x000000a366400000,0x000000a366500000] [id=10148]
  0x0000029d1f2bd800 ConcurrentGCThread "G1 Main Marker" [stack: 0x000000a366500000,0x000000a366600000] [id=10300]
  0x0000029d1f2c0800 ConcurrentGCThread "G1 Conc#0" [stack: 0x000000a366600000,0x000000a366700000] [id=25824]

[error occurred during error reporting (printing all threads), id 0xc0000005, EXCEPTION_ACCESS_VIOLATION (0xc0000005) at pc=0x00007fff98493af7]

VM state:not at safepoint (not fully initialized)

VM Mutex/Monitor currently owned by a thread:  ([mutex/lock_event])
[0x0000029d1f246100] Heap_lock - owner thread: 0x0000029d1f248800

Heap address: 0x0000000701c00000, size: 4068 MB, Compressed Oops mode: Non-zero based: 0x0000000701c00000
Narrow klass base: 0x0000000000000000, Narrow klass shift: 0

GC Heap History (0 events):
No events

Deoptimization events (0 events):
No events

Classes redefined (0 events):
No events

Internal exceptions (0 events):
No events

Events (1 events):
Event: 0.029 Loaded shared library C:\Program Files\Java\jdk- 11\bin\zip.dll


Dynamic libraries:
0x00007ff78e4c0000 - 0x00007ff78e4e0000 	C:\Program Files\Java\jdk- 11\bin\javaw.exe
0x00007fffd1eb0000 - 0x00007fffd20a5000 	C:\WINDOWS\SYSTEM32\ntdll.dll
0x00007fffd0f20000 - 0x00007fffd0fde000 	C:\WINDOWS\System32\KERNEL32.DLL
0x00007fffcfaf0000 - 0x00007fffcfdb8000 	C:\WINDOWS\System32\KERNELBASE.dll
0x00007fffcf780000 - 0x00007fffcf880000 	C:\WINDOWS\System32\ucrtbase.dll
0x00007fffc8cf0000 - 0x00007fffc8d07000 	C:\Program Files\Java\jdk- 11\bin\jli.dll
0x00007fffd1660000 - 0x00007fffd1800000 	C:\WINDOWS\System32\USER32.dll
0x00007fffcfdc0000 - 0x00007fffcfde2000 	C:\WINDOWS\System32\win32u.dll
0x00007fffd15b0000 - 0x00007fffd15db000 	C:\WINDOWS\System32\GDI32.dll
0x00007fffcfdf0000 - 0x00007fffcfefd000 	C:\WINDOWS\System32\gdi32full.dll
0x00007fffcf630000 - 0x00007fffcf6cd000 	C:\WINDOWS\System32\msvcp_win.dll
0x00007fffc2450000 - 0x00007fffc2465000 	C:\Program Files\Java\jdk- 11\bin\VCRUNTIME140.dll
0x00007fffc58d0000 - 0x00007fffc5b6a000 	C:\WINDOWS\WinSxS\amd64_microsoft.windows.common-controls_6595b64144ccf1df_6.0.19041.1110_none_60b5254171f9507e\COMCTL32.dll
0x00007fffd03b0000 - 0x00007fffd044e000 	C:\WINDOWS\System32\msvcrt.dll
0x00007fffd14d0000 - 0x00007fffd1500000 	C:\WINDOWS\System32\IMM32.DLL
0x00007fffb0eb0000 - 0x00007fffb0f4b000 	C:\Program Files\Java\jdk- 11\bin\msvcp140.dll
0x00007fff981a0000 - 0x00007fff98d1e000 	C:\Program Files\Java\jdk- 11\bin\server\jvm.dll
0x00007fffd0e60000 - 0x00007fffd0f0e000 	C:\WINDOWS\System32\ADVAPI32.dll
0x00007fffd0670000 - 0x00007fffd070c000 	C:\WINDOWS\System32\sechost.dll
0x00007fffcff00000 - 0x00007fffd0025000 	C:\WINDOWS\System32\RPCRT4.dll
0x00007fffd04b0000 - 0x00007fffd04b8000 	C:\WINDOWS\System32\PSAPI.DLL
0x00007fffc41a0000 - 0x00007fffc41a9000 	C:\WINDOWS\SYSTEM32\WSOCK32.dll
0x00007fffd1da0000 - 0x00007fffd1e0b000 	C:\WINDOWS\System32\WS2_32.dll
0x00007fffc3270000 - 0x00007fffc3297000 	C:\WINDOWS\SYSTEM32\WINMM.dll
0x00007fffc5cb0000 - 0x00007fffc5cba000 	C:\WINDOWS\SYSTEM32\VERSION.dll
0x00007fffcd3d0000 - 0x00007fffcd3e2000 	C:\WINDOWS\SYSTEM32\kernel.appcore.dll
0x00007fffc5710000 - 0x00007fffc5720000 	C:\Program Files\Java\jdk- 11\bin\verify.dll
0x00007fffc2f80000 - 0x00007fffc3164000 	C:\WINDOWS\SYSTEM32\DBGHELP.DLL
0x00007fffc2f10000 - 0x00007fffc2f3c000 	C:\WINDOWS\SYSTEM32\dbgcore.DLL
0x00007fffcfa60000 - 0x00007fffcfae2000 	C:\WINDOWS\System32\bcryptPrimitives.dll
0x00007fffc2420000 - 0x00007fffc2448000 	C:\Program Files\Java\jdk- 11\bin\java.dll
0x00007fffc43e0000 - 0x00007fffc43ea000 	C:\Program Files\Java\jdk- 11\bin\jimage.dll
0x00007fffbdcf0000 - 0x00007fffbdd07000 	C:\Program Files\Java\jdk- 11\bin\zip.dll

dbghelp: loaded successfully - version: 4.0.5 - missing functions: none
symbol engine: initialized successfully - sym options: 0x614 - pdb path: .;C:\Program Files\Java\jdk- 11\bin;C:\WINDOWS\SYSTEM32;C:\WINDOWS\WinSxS\amd64_microsoft.windows.common-controls_6595b64144ccf1df_6.0.19041.1110_none_60b5254171f9507e;C:\Program Files\Java\jdk- 11\bin\server

VM Arguments:
jvm_args: -Dfile.encoding=UTF-8 
java_command: movie.booking.program.run.MovieRun
java_class_path (initial): C:\Users\jes\git\Kh_Project\Movie_booking_project\bin
Launcher Type: SUN_STANDARD

[Global flags]
     intx CICompilerCount                          = 3                                         {product} {ergonomic}
     uint ConcGCThreads                            = 1                                         {product} {ergonomic}
     uint G1ConcRefinementThreads                  = 4                                         {product} {ergonomic}
   size_t G1HeapRegionSize                         = 1048576                                   {product} {ergonomic}
    uintx GCDrainStackTargetSize                   = 64                                        {product} {ergonomic}
   size_t InitialHeapSize                          = 268435456                                 {product} {ergonomic}
   size_t MarkStackSize                            = 4194304                                   {product} {ergonomic}
   size_t MaxHeapSize                              = 4265607168                                {product} {ergonomic}
   size_t MinHeapDeltaBytes                        = 1048576                                   {product} {ergonomic}
    uintx NonNMethodCodeHeapSize                   = 5830732                                {pd product} {ergonomic}
    uintx NonProfiledCodeHeapSize                  = 122913754                              {pd product} {ergonomic}
    uintx ProfiledCodeHeapSize                     = 122913754                              {pd product} {ergonomic}
    uintx ReservedCodeCacheSize                    = 251658240                              {pd product} {ergonomic}
     bool SegmentedCodeCache                       = true                                      {product} {ergonomic}
     bool UseCompressedClassPointers               = true                                 {lp64_product} {ergonomic}
     bool UseCompressedOops                        = true                                 {lp64_product} {ergonomic}
     bool UseG1GC                                  = true                                      {product} {ergonomic}
     bool UseLargePagesIndividualAllocation        = false                                  {pd product} {ergonomic}

Logging:
Log output configuration:
 #0: stdout all=warning uptime,level,tags
 #1: stderr all=off uptime,level,tags

Environment Variables:
JAVA_HOME=C:\Program Files\Java\jdk- 11
PATH=C:/dev/eclipse//plugins/org.eclipse.justj.openjdk.hotspot.jre.full.win32.x86_64_16.0.2.v20210721-1149/jre/bin/server;C:/dev/eclipse//plugins/org.eclipse.justj.openjdk.hotspot.jre.full.win32.x86_64_16.0.2.v20210721-1149/jre/bin;C:\Program Files\Java\jdk- 11\bin;C:\Program Files\Common Files\Oracle\Java\javapath;C:\Program Files (x86)\Intel\iCLS Client\;C:\Program Files\Intel\iCLS Client\;C:\WINDOWS\system32;C:\WINDOWS;C:\WINDOWS\System32\Wbem;C:\WINDOWS\System32\WindowsPowerShell\v1.0\;C:\Program Files (x86)\Intel\Intel(R) Management Engine Components\DAL;C:\Program Files\Intel\Intel(R) Management Engine Components\DAL;C:\Program Files (x86)\Intel\Intel(R) Management Engine Components\IPT;C:\Program Files\Intel\Intel(R) Management Engine Components\IPT;C:\WINDOWS\System32\OpenSSH\;C:\Program Files\Git\cmd;C:\Users\jes\AppData\Local\Programs\Python\Python38-32\Scripts\;C:\Users\jes\AppData\Local\Programs\Python\Python38-32\;C:\Users\jes\AppData\Local\Microsoft\WindowsApps;C:\Program Files\Bandizip\;;C:\Users\jes\AppData\Local\Programs\Microsoft VS Code\bin;C:\dev\eclipse;
USERNAME=jes
OS=Windows_NT
PROCESSOR_IDENTIFIER=Intel64 Family 6 Model 142 Stepping 9, GenuineIntel



---------------  S Y S T E M  ---------------

OS: Windows 10 , 64 bit Build 19041 (10.0.19041.1503)
OS uptime: 0 days 16:49 hours

CPU:total 4 (initial active 4) (2 cores per cpu, 2 threads per core) family 6 model 142 stepping 9 microcode 0xb4, cmov, cx8, fxsr, mmx, sse, sse2, sse3, ssse3, sse4.1, sse4.2, popcnt, avx, avx2, aes, clmul, erms, 3dnowpref, lzcnt, ht, tsc, tscinvbit, bmi1, bmi2, adx, fma

Memory: 4k page, system-wide physical 16271M (8715M free)
TotalPageFile size 19200M (AvailPageFile size 179M)
current process WorkingSet (physical memory assigned to process): 10M, peak: 10M
current process commit charge ("private bytes"): 52M, peak: 308M

vm_info: OpenJDK 64-Bit Server VM (11.0.13+8-LTS) for windows-amd64 JRE (11.0.13+8-LTS), built on Nov  7 2021 17:49:53 by "" with unknown MS VC++:1916

END.
